SF:lib/core/infrastructure/simple_network_connection_checker.dart
DA:4,1
DA:7,2
DA:8,4
DA:10,0
LF:4
LH:3
end_of_record
SF:lib/core/infrastructure/network_info.dart
DA:5,1
DA:11,1
DA:12,2
LF:3
LH:3
end_of_record
SF:lib/feature/trivia/domain/entity/number_trivia.dart
DA:2,5
DA:10,3
DA:14,1
DA:15,3
DA:16,3
DA:19,0
DA:20,0
DA:22,0
DA:26,0
DA:27,0
DA:28,0
LF:11
LH:5
end_of_record
SF:lib/feature/trivia/infrastructure/dto/number_trivia_dto.dart
DA:6,3
DA:14,0
DA:15,0
DA:18,8
DA:20,0
DA:24,0
DA:25,0
DA:26,0
DA:30,2
DA:34,1
DA:35,3
DA:36,3
DA:39,0
DA:40,0
DA:42,1
DA:43,1
DA:44,1
DA:45,1
DA:49,1
DA:50,1
DA:51,2
DA:52,1
DA:56,0
DA:58,0
DA:59,0
LF:25
LH:14
end_of_record
SF:lib/core/domain/entity/failure.dart
DA:4,4
DA:8,2
LF:2
LH:2
end_of_record
SF:lib/feature/trivia/domain/usecase/get_concrete_number_trivia.dart
DA:8,1
DA:15,1
DA:16,3
LF:3
LH:3
end_of_record
SF:lib/core/domain/usecase/no_params.dart
DA:2,1
LF:1
LH:1
end_of_record
SF:lib/feature/trivia/domain/usecase/get_random_number_trivia.dart
DA:10,1
DA:17,1
DA:18,3
LF:3
LH:3
end_of_record
SF:lib/feature/trivia/infrastructure/datasource/local/number_trivia_local_datasource.dart
DA:5,0
DA:8,0
DA:11,0
DA:14,0
LF:4
LH:0
end_of_record
SF:lib/feature/trivia/infrastructure/repository/number_trivia_repository.dart
DA:12,1
DA:25,1
DA:27,4
DA:31,1
DA:32,4
DA:35,1
DA:37,3
DA:39,2
DA:40,2
DA:41,2
DA:42,1
DA:47,3
DA:48,2
DA:49,1
LF:14
LH:14
end_of_record
